2022-07-21 22:34:48,656 [INFO ] Pages.homepage [TestNG-test=Test-1] Live cricket scores, match schedules, latest cricket news, cricket videos
2022-07-21 22:35:06,004 [INFO ] Pages.LiveScores_Live [TestNG-test=Test-2] Page url is:https://pp.espncricinfo.com/live-cricket-scoreStatus of the page url is:403
2022-07-21 22:35:14,012 [INFO ] Pages.homepage [TestNG-test=Test-1] Page url is:https://pp.espncricinfo.com/series/ireland-tri-nation-women-s-t20i-series-2022-1317631/ireland-women-vs-australia-women-4th-match-1317638/live-cricket-scoreStatus of the page url is:403
2022-07-21 22:35:19,209 [INFO ] Pages.homepage [TestNG-test=Test-1] Page url is:https://pp.espncricinfo.com/series/south-africa-women-in-england-2022-1289256/england-women-vs-south-africa-women-1st-t20i-1301331/live-cricket-scoreStatus of the page url is:403
2022-07-21 22:35:27,632 [INFO ] Pages.LiveScores_Live [TestNG-test=Test-2] Page url is:https://pp.espncricinfo.com/series/ireland-tri-nation-women-s-t20i-series-2022-1317631/ireland-women-vs-australia-women-4th-match-1317638/live-cricket-scoreStatus of the page url is:403
2022-07-21 22:35:30,451 [INFO ] Pages.homepage [TestNG-test=Test-1] Page url is:https://pp.espncricinfo.com/series/tnpl-2022-1312873/salem-spartans-vs-ruby-trichy-warriors-24th-match-1312897/live-cricket-scoreStatus of the page url is:403
2022-07-21 22:35:35,559 [INFO ] Pages.LiveScores_Live [TestNG-test=Test-2] Page url is:https://pp.espncricinfo.com/series/ireland-tri-nation-women-s-t20i-series-2022-1317631Status of the page url is:403
2022-07-21 22:35:39,661 [INFO ] Pages.LiveScores_Live [TestNG-test=Test-2] Page url is:https://pp.espncricinfo.com/series/south-africa-women-in-england-2022-1289256/england-women-vs-south-africa-women-1st-t20i-1301331/live-cricket-scoreStatus of the page url is:403
2022-07-21 22:35:43,596 [INFO ] Pages.LiveScores_Live [TestNG-test=Test-2] Page url is:https://pp.espncricinfo.com/series/south-africa-women-in-england-2022-1289256Status of the page url is:403
2022-07-21 22:35:47,878 [INFO ] Pages.LiveScores_Live [TestNG-test=Test-2] Page url is:https://pp.espncricinfo.com/series/tnpl-2022-1312873/salem-spartans-vs-ruby-trichy-warriors-24th-match-1312897/live-cricket-scoreStatus of the page url is:403
2022-07-21 22:35:50,729 [INFO ] Pages.LiveScores_Live [TestNG-test=Test-2] Page url is:https://pp.espncricinfo.com/series/tnpl-2022-1312873Status of the page url is:403
2022-07-21 22:35:56,059 [INFO ] Pages.homepage [TestNG-test=Test-1] Page url is:https://pp.espncricinfo.com/series/county-championship-division-one-2022-1297650/gloucestershire-vs-hampshire-44th-match-1297747/live-cricket-scoreStatus of the page url is:403
2022-07-21 22:35:58,309 [INFO ] Pages.LiveScores_Live [TestNG-test=Test-2] Page url is:https://pp.espncricinfo.com/series/county-championship-division-one-2022-1297650/gloucestershire-vs-hampshire-44th-match-1297747/live-cricket-scoreStatus of the page url is:403
2022-07-21 22:36:04,991 [INFO ] Pages.LiveScores_Live [TestNG-test=Test-2] Page url is:https://pp.espncricinfo.com/series/county-championship-division-one-2022-1297650Status of the page url is:403
2022-07-21 22:36:08,770 [INFO ] Pages.homepage [TestNG-test=Test-1] Page url is:https://pp.espncricinfo.com/series/county-championship-division-one-2022-1297650/somerset-vs-yorkshire-45th-match-1297748/live-cricket-scoreStatus of the page url is:403
2022-07-21 22:36:14,511 [INFO ] Pages.LiveScores_Live [TestNG-test=Test-2] Page url is:https://pp.espncricinfo.com/series/county-championship-division-one-2022-1297650/somerset-vs-yorkshire-45th-match-1297748/live-cricket-scoreStatus of the page url is:403
2022-07-21 22:36:19,175 [INFO ] Pages.homepage [TestNG-test=Test-1] Page url is:https://pp.espncricinfo.com/series/county-championship-division-one-2022-1297650/surrey-vs-essex-46th-match-1297749/live-cricket-scoreStatus of the page url is:403
2022-07-21 22:36:21,200 [INFO ] Pages.LiveScores_Live [TestNG-test=Test-2] Page url is:https://pp.espncricinfo.com/series/county-championship-division-one-2022-1297650Status of the page url is:403
2022-07-21 22:36:30,712 [INFO ] Pages.homepage [TestNG-test=Test-1] Page url is:https://pp.espncricinfo.com/series/county-championship-division-one-2022-1297650/warwickshire-vs-kent-47th-match-1297750/live-cricket-scoreStatus of the page url is:403
2022-07-21 22:36:34,125 [INFO ] Pages.LiveScores_Live [TestNG-test=Test-2] Page url is:https://pp.espncricinfo.com/series/county-championship-division-one-2022-1297650/surrey-vs-essex-46th-match-1297749/live-cricket-scoreStatus of the page url is:403
2022-07-21 22:36:39,844 [INFO ] Pages.LiveScores_Live [TestNG-test=Test-2] Page url is:https://pp.espncricinfo.com/series/county-championship-division-one-2022-1297650Status of the page url is:403
2022-07-21 22:36:40,404 [INFO ] Pages.homepage [TestNG-test=Test-1] Page url is:https://pp.espncricinfo.com/series/county-championship-division-one-2022-1297650/northamptonshire-vs-lancashire-48th-match-1297753/live-cricket-scoreStatus of the page url is:403
2022-07-21 22:36:50,344 [INFO ] Pages.homepage [TestNG-test=Test-1] Page url is:https://pp.espncricinfo.com/series/county-championship-division-two-2022-1310355/derbyshire-vs-nottinghamshire-37th-match-1297751/live-cricket-scoreStatus of the page url is:403
2022-07-21 22:37:00,081 [INFO ] Pages.homepage [TestNG-test=Test-1] Page url is:https://pp.espncricinfo.com/series/county-championship-division-two-2022-1310355/middlesex-vs-sussex-38th-match-1297752/live-cricket-scoreStatus of the page url is:403
2022-07-21 22:37:08,443 [INFO ] Pages.homepage [TestNG-test=Test-1] Page url is:https://pp.espncricinfo.com/series/county-championship-division-two-2022-1310355/leicestershire-vs-glamorgan-39th-match-1297754/live-cricket-scoreStatus of the page url is:403
2022-07-21 22:37:11,651 [INFO ] Pages.LiveScores_Live [TestNG-test=Test-2] Page url is:https://pp.espncricinfo.com/series/county-championship-division-one-2022-1297650/warwickshire-vs-kent-47th-match-1297750/live-cricket-scoreStatus of the page url is:403
2022-07-21 22:37:13,848 [INFO ] Pages.homepage [TestNG-test=Test-1] Page url is:https://pp.espncricinfo.com/series/new-zealand-in-ireland-2022-1307472/ireland-vs-new-zealand-2nd-t20i-1303313/full-scorecardStatus of the page url is:403
2022-07-21 22:37:18,533 [INFO ] Pages.LiveScores_Live [TestNG-test=Test-2] Page url is:https://pp.espncricinfo.com/series/county-championship-division-one-2022-1297650Status of the page url is:403
2022-07-21 22:37:25,219 [INFO ] Pages.homepage [TestNG-test=Test-1] Page url is:https://pp.espncricinfo.com/series/ireland-tri-nation-women-s-t20i-series-2022-1317631/ireland-women-vs-australia-women-4th-match-1317638/live-cricket-scoreStatus of the page url is:403
2022-07-21 22:37:28,601 [INFO ] Pages.LiveScores_Live [TestNG-test=Test-2] Page url is:https://pp.espncricinfo.com/series/county-championship-division-one-2022-1297650/northamptonshire-vs-lancashire-48th-match-1297753/live-cricket-scoreStatus of the page url is:403
2022-07-21 22:37:31,187 [INFO ] Pages.homepage [TestNG-test=Test-1] Page url is:https://pp.espncricinfo.com/series/south-africa-women-in-england-2022-1289256/england-women-vs-south-africa-women-1st-t20i-1301331/live-cricket-scoreStatus of the page url is:403
2022-07-21 22:37:35,954 [INFO ] Pages.LiveScores_Live [TestNG-test=Test-2] Page url is:https://pp.espncricinfo.com/series/county-championship-division-one-2022-1297650Status of the page url is:403
2022-07-21 22:37:40,737 [INFO ] Pages.homepage [TestNG-test=Test-1] Page url is:https://pp.espncricinfo.com/series/tnpl-2022-1312873/salem-spartans-vs-ruby-trichy-warriors-24th-match-1312897/live-cricket-scoreStatus of the page url is:403
2022-07-21 22:37:46,475 [INFO ] Pages.LiveScores_Live [TestNG-test=Test-2] Page url is:https://pp.espncricinfo.com/series/county-championship-division-two-2022-1310355/derbyshire-vs-nottinghamshire-37th-match-1297751/live-cricket-scoreStatus of the page url is:403
2022-07-21 22:37:50,180 [INFO ] Pages.homepage [TestNG-test=Test-1] Page url is:https://pp.espncricinfo.com/series/county-championship-division-one-2022-1297650/gloucestershire-vs-hampshire-44th-match-1297747/live-cricket-scoreStatus of the page url is:403
2022-07-21 22:37:53,317 [INFO ] Pages.LiveScores_Live [TestNG-test=Test-2] Page url is:https://pp.espncricinfo.com/series/county-championship-division-two-2022-1310355Status of the page url is:403
2022-07-21 22:37:59,469 [INFO ] Pages.homepage [TestNG-test=Test-1] Page url is:https://pp.espncricinfo.com/series/county-championship-division-one-2022-1297650/somerset-vs-yorkshire-45th-match-1297748/live-cricket-scoreStatus of the page url is:403
2022-07-21 22:38:09,751 [INFO ] Pages.LiveScores_Live [TestNG-test=Test-2] Page url is:https://pp.espncricinfo.com/series/county-championship-division-two-2022-1310355/middlesex-vs-sussex-38th-match-1297752/live-cricket-scoreStatus of the page url is:403
2022-07-21 22:38:12,140 [INFO ] Pages.homepage [TestNG-test=Test-1] Page url is:https://pp.espncricinfo.com/series/county-championship-division-one-2022-1297650/surrey-vs-essex-46th-match-1297749/live-cricket-scoreStatus of the page url is:403
2022-07-21 22:38:16,029 [INFO ] Pages.LiveScores_Live [TestNG-test=Test-2] Page url is:https://pp.espncricinfo.com/series/county-championship-division-two-2022-1310355Status of the page url is:403
2022-07-21 22:38:25,153 [INFO ] Pages.homepage [TestNG-test=Test-1] Page url is:https://pp.espncricinfo.com/series/county-championship-division-one-2022-1297650/warwickshire-vs-kent-47th-match-1297750/live-cricket-scoreStatus of the page url is:403
2022-07-21 22:38:30,435 [INFO ] Pages.LiveScores_Live [TestNG-test=Test-2] Page url is:https://pp.espncricinfo.com/series/county-championship-division-two-2022-1310355/leicestershire-vs-glamorgan-39th-match-1297754/live-cricket-scoreStatus of the page url is:403
2022-07-21 22:38:35,056 [INFO ] Pages.homepage [TestNG-test=Test-1] Page url is:https://pp.espncricinfo.com/series/county-championship-division-one-2022-1297650/northamptonshire-vs-lancashire-48th-match-1297753/live-cricket-scoreStatus of the page url is:403
2022-07-21 22:38:37,147 [INFO ] Pages.LiveScores_Live [TestNG-test=Test-2] Page url is:https://pp.espncricinfo.com/series/county-championship-division-two-2022-1310355Status of the page url is:403
2022-07-21 22:38:42,195 [INFO ] Pages.LiveScores_Live [TestNG-test=Test-2] Page url is:https://pp.espncricinfo.com/series/new-zealand-in-ireland-2022-1307472/ireland-vs-new-zealand-2nd-t20i-1303313/full-scorecardStatus of the page url is:403
2022-07-21 22:38:45,197 [INFO ] Pages.homepage [TestNG-test=Test-1] Page url is:https://pp.espncricinfo.com/series/county-championship-division-two-2022-1310355/derbyshire-vs-nottinghamshire-37th-match-1297751/live-cricket-scoreStatus of the page url is:403
2022-07-21 22:38:51,318 [INFO ] Pages.LiveScores_Live [TestNG-test=Test-2] Page url is:https://pp.espncricinfo.com/series/new-zealand-in-ireland-2022-1307472/ireland-vs-new-zealand-2nd-t20i-1303313/match-reportStatus of the page url is:403
2022-07-21 22:38:53,485 [INFO ] Pages.homepage [TestNG-test=Test-1] Page url is:https://pp.espncricinfo.com/series/county-championship-division-two-2022-1310355/middlesex-vs-sussex-38th-match-1297752/live-cricket-scoreStatus of the page url is:403
2022-07-21 22:38:56,219 [INFO ] Pages.LiveScores_Live [TestNG-test=Test-2] Page url is:https://pp.espncricinfo.com/series/new-zealand-in-ireland-2022-1307472/ireland-vs-new-zealand-2nd-t20i-1303313/match-photoStatus of the page url is:403
2022-07-21 22:39:03,282 [INFO ] Pages.homepage [TestNG-test=Test-1] Page url is:https://pp.espncricinfo.com/series/county-championship-division-two-2022-1310355/leicestershire-vs-glamorgan-39th-match-1297754/live-cricket-scoreStatus of the page url is:403
2022-07-21 22:39:05,580 [INFO ] Pages.LiveScores_Live [TestNG-test=Test-2] Page url is:https://pp.espncricinfo.com/series/new-zealand-in-ireland-2022-1307472/ireland-vs-new-zealand-2nd-t20i-1303313/full-scorecardStatus of the page url is:403
2022-07-21 22:39:08,798 [INFO ] Pages.homepage [TestNG-test=Test-1] Page url is:https://pp.espncricinfo.com/series/new-zealand-in-ireland-2022-1307472/ireland-vs-new-zealand-2nd-t20i-1303313/full-scorecardStatus of the page url is:403
2022-07-21 22:39:09,525 [INFO ] Pages.LiveScores_Live [TestNG-test=Test-2] Page url is:https://pp.espncricinfo.com/series/new-zealand-in-ireland-2022-1307472/ireland-vs-new-zealand-2nd-t20i-1303313/match-reportStatus of the page url is:403
2022-07-21 22:39:16,226 [INFO ] Pages.LiveScores_Live [TestNG-test=Test-2] Page url is:https://pp.espncricinfo.com/series/new-zealand-in-ireland-2022-1307472/ireland-vs-new-zealand-2nd-t20i-1303313/match-photoStatus of the page url is:403
